[INFO] Scanning for projects...
[INFO] 
[INFO] ----------------------------< com.zm:blog >-----------------------------
[INFO] Building blog 0.0.1-SNAPSHOT
[INFO]   from pom.xml
[INFO] --------------------------------[ jar ]---------------------------------
[INFO] 
[INFO] >>> spring-boot:3.5.5:run (default-cli) > test-compile @ blog >>>
[INFO] 
[INFO] --- resources:3.3.1:resources (default-resources) @ blog ---
[INFO] Copying 1 resource from src/main/resources to target/classes
[INFO] Copying 1 resource from src/main/resources to target/classes
[INFO] 
[INFO] --- compiler:3.14.0:compile (default-compile) @ blog ---
[INFO] Nothing to compile - all classes are up to date.
[INFO] 
[INFO] --- resources:3.3.1:testResources (default-testResources) @ blog ---
[INFO] skip non existing resourceDirectory /home/yfc/project_dpap/dpap-workspace/project_aaa_api/src/test/resources
[INFO] 
[INFO] --- compiler:3.14.0:testCompile (default-testCompile) @ blog ---
[INFO] Nothing to compile - all classes are up to date.
[INFO] 
[INFO] <<< spring-boot:3.5.5:run (default-cli) < test-compile @ blog <<<
[INFO] 
[INFO] 
[INFO] --- spring-boot:3.5.5:run (default-cli) @ blog ---
[INFO] Attaching agents: []

  .   ____          _            __ _ _
 /\\ / ___'_ __ _ _(_)_ __  __ _ \ \ \ \
( ( )\___ | '_ | '_| | '_ \/ _` | \ \ \ \
 \\/  ___)| |_)| | | | | || (_| |  ) ) ) )
  '  |____| .__|_| |_|_| |_\__, | / / / /
 =========|_|==============|___/=/_/_/_/

 :: Spring Boot ::                (v3.5.5)

2025-09-30T09:18:42.146+08:00  INFO 8786 --- [blog] [           main] com.zm.blog.BlogApplication              : Starting BlogApplication using Java 17.0.12 with PID 8786 (/home/yfc/project_dpap/dpap-workspace/project_aaa_api/target/classes started by yfc in /home/yfc/project_dpap/dpap-workspace/project_aaa_api)
2025-09-30T09:18:42.150+08:00  INFO 8786 --- [blog] [           main] com.zm.blog.BlogApplication              : No active profile set, falling back to 1 default profile: "default"
2025-09-30T09:18:43.200+08:00  INFO 8786 --- [blog] [           main] o.s.b.w.embedded.tomcat.TomcatWebServer  : Tomcat initialized with port 8080 (http)
2025-09-30T09:18:43.219+08:00  INFO 8786 --- [blog] [           main] o.apache.catalina.core.StandardService   : Starting service [Tomcat]
2025-09-30T09:18:43.219+08:00  INFO 8786 --- [blog] [           main] o.apache.catalina.core.StandardEngine    : Starting Servlet engine: [Apache Tomcat/10.1.44]
2025-09-30T09:18:43.278+08:00  INFO 8786 --- [blog] [           main] o.a.c.c.C.[Tomcat].[localhost].[/]       : Initializing Spring embedded WebApplicationContext
2025-09-30T09:18:43.280+08:00  INFO 8786 --- [blog] [           main] w.s.c.ServletWebServerApplicationContext : Root WebApplicationContext: initialization completed in 1055 ms
2025-09-30T09:18:43.721+08:00  INFO 8786 --- [blog] [           main] o.s.b.w.embedded.tomcat.TomcatWebServer  : Tomcat started on port 8080 (http) with context path '/'
2025-09-30T09:18:43.731+08:00  INFO 8786 --- [blog] [           main] com.zm.blog.BlogApplication              : Started BlogApplication in 2.192 seconds (process running for 2.561)
2025-09-30T09:18:49.393+08:00  INFO 8786 --- [blog] [nio-8080-exec-1] o.a.c.c.C.[Tomcat].[localhost].[/]       : Initializing Spring DispatcherServlet 'dispatcherServlet'
2025-09-30T09:18:49.394+08:00  INFO 8786 --- [blog] [nio-8080-exec-1] o.s.web.servlet.DispatcherServlet        : Initializing Servlet 'dispatcherServlet'
2025-09-30T09:18:49.395+08:00  INFO 8786 --- [blog] [nio-8080-exec-1] o.s.web.servlet.DispatcherServlet        : Completed initialization in 1 ms
2025-09-30T09:18:51.322+08:00  INFO 8786 --- [blog] [ionShutdownHook] o.s.b.w.e.tomcat.GracefulShutdown        : Commencing graceful shutdown. Waiting for active requests to complete
2025-09-30T09:18:51.328+08:00  INFO 8786 --- [blog] [tomcat-shutdown] o.s.b.w.e.tomcat.GracefulShutdown        : Graceful shutdown complete
